# project  configured on Wed Oct  8 05:47:01 2025 by
# waf 1.7.11 (abi 98, python 30c0bf0 on linux)
# using /home/jules/.pebble-sdk/SDKs/current/sdk-core/pebble/waf configure
#
----------------------------------------
Setting top to
/app
----------------------------------------
Setting out to
/app/build
----------------------------------------
Checking for program webpack
/home/jules/.pebble-sdk/SDKs/current/node_modules/.bin/webpack
find program=['webpack'] paths=['/home/jules/.pebble-sdk/SDKs/current/node_modules/.bin'] var='WEBPACK' -> '/home/jules/.pebble-sdk/SDKs/current/node_modules/.bin/webpack'
----------------------------------------
Found Pebble SDK for emery in:
/home/jules/.pebble-sdk/SDKs/current/sdk-core/pebble/emery
----------------------------------------
Checking for program gcc,cc
arm-none-eabi-gcc
find program=['gcc', 'cc'] paths='' var='CC' -> 'arm-none-eabi-gcc'
----------------------------------------
Checking for program ar
arm-none-eabi-ar
find program=['ar'] paths='' var='AR' -> 'arm-none-eabi-ar'
